<?xml version="1.0" encoding="UTF-8"?>
<testng-results ignored="0" total="1" passed="1" failed="0" skipped="0">
  <reporter-output>
  </reporter-output>
  <suite started-at="2023-04-12T13:07:48 IST" name="Default suite" finished-at="2023-04-12T13:08:06 IST" duration-ms="17863">
    <groups>
      <group name="cucumber">
        <method signature="AbstractTestNGCucumberTests.runScenario(io.cucumber.testng.PickleWrapper,io.cucumber.testng.FeatureWrapper)[pri:0, instance:runner.Runner@7d9d0818]" name="runScenario" class="io.cucumber.testng.AbstractTestNGCucumberTests"/>
      </group> <!-- cucumber -->
    </groups>
    <test started-at="2023-04-12T13:07:48 IST" name="Default test" finished-at="2023-04-12T13:08:06 IST" duration-ms="17863">
      <class name="runner.Runner">
        <test-method is-config="true" signature="setUpClass(org.testng.ITestContext)[pri:0, instance:runner.Runner@7d9d0818]" started-at="2023-04-12T13:07:48 IST" name="setUpClass" finished-at="2023-04-12T13:07:49 IST" duration-ms="1316" status="PASS">
          <params>
            <param index="0">
              <value>
                <![CDATA[org.testng.TestRunner@309cedb6]]>
              </value>
            </param>
          </params>
          <reporter-output>
          </reporter-output>
        </test-method> <!-- setUpClass -->
        <test-method signature="runScenario(io.cucumber.testng.PickleWrapper,io.cucumber.testng.FeatureWrapper)[pri:0, instance:runner.Runner@7d9d0818]" started-at="2023-04-12T13:07:49 IST" name="runScenario" description="Runs Cucumber Scenarios" data-provider="scenarios" finished-at="2023-04-12T13:08:05 IST" duration-ms="15864" status="PASS">
          <params>
            <param index="0">
              <value>
                <![CDATA["Login into App with manager cred"]]>
              </value>
            </param>
            <param index="1">
              <value>
                <![CDATA["Verify User is Able To Login With Valid Cred"]]>
              </value>
            </param>
          </params>
          <reporter-output>
          </reporter-output>
        </test-method> <!-- runScenario -->
        <test-method is-config="true" signature="tearDownClass()[pri:0, instance:runner.Runner@7d9d0818]" started-at="2023-04-12T13:08:05 IST" name="tearDownClass" finished-at="2023-04-12T13:08:06 IST" duration-ms="565" status="PASS">
          <reporter-output>
          </reporter-output>
        </test-method> <!-- tearDownClass -->
      </class> <!-- runner.Runner -->
    </test> <!-- Default test -->
  </suite> <!-- Default suite -->
</testng-results>
